{"/Users/jakeshams/Code/ProductCollege/FEW/few21/npm-libraries/math-library/index.js": {"path":"/Users/jakeshams/Code/ProductCollege/FEW/few21/npm-libraries/math-library/index.js","statementMap":{"0":{"start":{"line":1,"column":0},"end":{"line":3,"column":2}},"1":{"start":{"line":2,"column":4},"end":{"line":2,"column":28}},"2":{"start":{"line":5,"column":0},"end":{"line":7,"column":2}},"3":{"start":{"line":6,"column":4},"end":{"line":6,"column":28}},"4":{"start":{"line":9,"column":0},"end":{"line":11,"column":2}},"5":{"start":{"line":10,"column":4},"end":{"line":10,"column":27}},"6":{"start":{"line":13,"column":0},"end":{"line":20,"column":1}},"7":{"start":{"line":14,"column":14},"end":{"line":14,"column":63}},"8":{"start":{"line":15,"column":22},"end":{"line":15,"column":38}},"9":{"start":{"line":16,"column":4},"end":{"line":18,"column":5}},"10":{"start":{"line":16,"column":17},"end":{"line":16,"column":18}},"11":{"start":{"line":17,"column":8},"end":{"line":17,"column":30}},"12":{"start":{"line":19,"column":4},"end":{"line":19,"column":14}}},"fnMap":{"0":{"name":"round","decl":{"start":{"line":1,"column":34},"end":{"line":1,"column":39}},"loc":{"start":{"line":1,"column":42},"end":{"line":3,"column":1}},"line":1},"1":{"name":"floor","decl":{"start":{"line":5,"column":34},"end":{"line":5,"column":39}},"loc":{"start":{"line":5,"column":42},"end":{"line":7,"column":1}},"line":5},"2":{"name":"ceil","decl":{"start":{"line":9,"column":33},"end":{"line":9,"column":37}},"loc":{"start":{"line":9,"column":40},"end":{"line":11,"column":1}},"line":9},"3":{"name":"split","decl":{"start":{"line":13,"column":36},"end":{"line":13,"column":41}},"loc":{"start":{"line":13,"column":45},"end":{"line":20,"column":1}},"line":13}},"branchMap":{},"s":{"0":1,"1":2,"2":1,"3":2,"4":1,"5":2,"6":1,"7":2,"8":2,"9":2,"10":2,"11":3,"12":2},"f":{"0":2,"1":2,"2":2,"3":2},"b":{},"_coverageSchema":"43e27e138ebf9cfc5966b082cf9a028302ed4184","hash":"89220607b026793a20720f58e9b5697c749245b9"}
}
